2024-08-05 14:36:25 - INFO - Starting AvaxWhale Transaction Tracker
2024-08-05 14:36:25 - INFO - [31m[1mWARNING: This is a development server. Do not use it in a production deployment. Use a production WSGI server instead.[0m
 * Running on http://127.0.0.1:5000
2024-08-05 14:36:25 - INFO - [33mPress CTRL+C to quit[0m
2024-08-05 14:36:25 - INFO - Connected to Avalanche network
2024-08-05 14:36:25 - ERROR - An error occurred during initialization: [Errno 2] No such file or directory: 'avalanche_eco/cexhotwallet.txt'
2024-08-05 14:36:25 - INFO - AvaxWhale Transaction Tracker finished
2024-08-05 14:36:40 - ERROR - Error loading index page: index.html
2024-08-05 14:36:40 - INFO - 127.0.0.1 - - [05/Aug/2024 14:36:40] "GET / HTTP/1.1" 200 -
2024-08-05 14:36:40 - INFO - 127.0.0.1 - - [05/Aug/2024 14:36:40] "[33mGET /favicon.ico HTTP/1.1[0m" 404 -
2024-08-05 14:38:56 - INFO - Starting AvaxWhale Transaction Tracker
2024-08-05 14:38:57 - INFO - Connected to Avalanche network
2024-08-05 14:48:03 - INFO - Found 1 large transactions
2024-08-05 14:48:03 - INFO - Large transaction detected: Hash=0x502cd2b37062c68cfc9730f6eba9eefd72aff9fd940c66e619500850f480942d, Value=16045.00 AVAX, Value in USD=317851.44, From=0x1A999f41ADA45Dfd6Bd718875ffC4eCa4133Bfd7, To=0x3DD87411a3754deea8cc52C4CF57E2fC254924Cc, Type=unknown
2024-08-05 14:57:09 - INFO - Found 1 large transactions
2024-08-05 14:57:09 - INFO - Large transaction detected: Hash=0x5dfd6e01cf782c1233d4bde0a4cbc68b45784cedeeb7ac537ee2c9a623d86564, Value=742.36 AVAX, Value in USD=14706.14, From=0x31307EF22C77Cc89CD7e61246608F15b82D09FEd, To=0x18556DA13313f3532c54711497A8FedAC273220E, Type=unknown
2024-08-05 14:58:10 - INFO - Found 1 large transactions
2024-08-05 14:58:10 - INFO - Large transaction detected: Hash=0x6965cbf6b72f9484e737e74307acbf2451d789b0ff482ad31a229d1e436926ed, Value=742.33 AVAX, Value in USD=14705.50, From=0x31307EF22C77Cc89CD7e61246608F15b82D09FEd, To=0x18556DA13313f3532c54711497A8FedAC273220E, Type=unknown
2024-08-05 15:00:11 - INFO - Found 1 large transactions
2024-08-05 15:00:11 - INFO - Large transaction detected: Hash=0xc0f08257e45236c1ecbb09f6c6b0b8711e8b782becdd51f5555775d143285a53, Value=27519.88 AVAX, Value in USD=545168.79, From=0x6e45178FF302011a39c56c1814fEeD667aC4Ce0D, To=0x9f8c163cBA728e99993ABe7495F06c0A3c8Ac8b9, Type=unknown
2024-08-05 15:08:06 - INFO - Starting AvaxWhale Transaction Tracker
2024-08-05 15:08:06 - INFO - Connected to Avalanche network
2024-08-05 15:16:11 - INFO - Found 1 large transactions
2024-08-05 15:16:11 - INFO - Large transaction detected: Hash=0xd1ab34072cb226c2650a2548233ff7977a8d8d42efd7fc647ed39069aecf040c, Value=990.17 AVAX, Value in USD=19456.76, From=0xABa2D404C5C41da5964453A368aFF2604Ae80A14, To=0x9c82B2720E57A7535523421d80966326436dE8B5, Type=unknown
2024-08-05 15:30:21 - INFO - Found 3 large transactions
2024-08-05 15:30:21 - INFO - Large transaction detected: Hash=0x6b33168f0a1f8d90795998f26ed208cb6b0eb248988f054e49d8bae5bd25c983, Value=1200.00 AVAX, Value in USD=23580.00, From=0x8D1541D5444eDe122176Aecb8A2f66B887AbEC9c, To=0x8F66c4AE756BEbC49Ec8B81966DD8bba9f127549, Type=unknown
2024-08-05 15:30:21 - INFO - Large transaction detected: Hash=0xa9f04e49191daccbfabb80e7d504a75ed13720a10404ba45beb43107fc4353f6, Value=6998.35 AVAX, Value in USD=137517.60, From=0x6e45178FF302011a39c56c1814fEeD667aC4Ce0D, To=0x9f8c163cBA728e99993ABe7495F06c0A3c8Ac8b9, Type=cexhotwallet: Binance: Hot Wallet
2024-08-05 15:30:21 - INFO - Large transaction detected: Hash=0x75ec1a2f3f7e3961a3e050b5146d12b736a2fcac62fbb7a787ba76f4f64ba762, Value=1021.22 AVAX, Value in USD=20066.92, From=0x125f660239707C9De3462D3fa633F2723aD0b884, To=0x9f8c163cBA728e99993ABe7495F06c0A3c8Ac8b9, Type=cexhotwallet: Binance: Hot Wallet
2024-08-05 15:36:25 - INFO - Found 1 large transactions
2024-08-05 15:36:25 - INFO - Large transaction detected: Hash=0x74db2419f7cd5ff235fd8e41083b75c145fe781602bd62df6e23815f12cea335, Value=1000.26 AVAX, Value in USD=19655.10, From=0x67B5E3420352BcF7db3F5dd050AFa0A2c6bEB3Eb, To=0xDed5361C318333F07d31a165D07dd76041c6262a, Type=unknown
2024-08-05 15:43:29 - INFO - Found 1 large transactions
2024-08-05 15:43:29 - INFO - Large transaction detected: Hash=0xc778ac849eb6ac9c093477b9776be8f2348a3b5d50e88d30f98334e9df3c0950, Value=1927.75 AVAX, Value in USD=37880.27, From=0x9c82B2720E57A7535523421d80966326436dE8B5, To=0x7eD53F6E3dE6B2b4156FA8E618506E60D8E65843, Type=unknown
2024-08-05 17:39:27 - INFO - Starting AvaxWhale Transaction Tracker
2024-08-05 17:39:27 - ERROR - An error occurred during initialization: [Errno 2] No such file or directory: '../config/config.yaml'
2024-08-05 17:39:27 - INFO - AvaxWhale Transaction Tracker finished
2024-08-05 17:39:30 - INFO - Starting AvaxWhale Transaction Tracker
2024-08-05 17:39:30 - ERROR - An error occurred during initialization: [Errno 2] No such file or directory: '../config/config.yaml'
2024-08-05 17:39:30 - INFO - AvaxWhale Transaction Tracker finished
2024-08-05 17:42:54 - INFO - Starting AvaxWhale Transaction Tracker
2024-08-05 17:42:54 - ERROR - An error occurred during initialization: [Errno 2] No such file or directory: '../../config/config.yaml'
2024-08-05 17:42:54 - INFO - AvaxWhale Transaction Tracker finished
2024-08-05 17:43:31 - INFO - Starting AvaxWhale Transaction Tracker
2024-08-05 17:43:31 - ERROR - An error occurred during initialization: [Errno 2] No such file or directory: '../../config/config.yaml'
2024-08-05 17:43:31 - INFO - AvaxWhale Transaction Tracker finished
2024-08-05 17:45:34 - INFO - Starting AvaxWhale Transaction Tracker
2024-08-05 17:45:34 - ERROR - An error occurred during initialization: [Errno 2] No such file or directory: '../config/config.yaml'
2024-08-05 17:45:34 - INFO - AvaxWhale Transaction Tracker finished
2024-08-05 17:46:04 - INFO - Starting AvaxWhale Transaction Tracker
2024-08-05 17:46:04 - ERROR - An error occurred during initialization: [Errno 2] No such file or directory: '../config/config.yaml'
2024-08-05 17:46:04 - INFO - AvaxWhale Transaction Tracker finished
2024-08-05 17:46:10 - INFO - Starting AvaxWhale Transaction Tracker
2024-08-05 17:46:10 - ERROR - An error occurred during initialization: [Errno 2] No such file or directory: '../config/config.yaml'
2024-08-05 17:46:10 - INFO - AvaxWhale Transaction Tracker finished
2024-08-05 17:46:19 - INFO - Starting AvaxWhale Transaction Tracker
2024-08-05 17:46:19 - ERROR - An error occurred during initialization: [Errno 2] No such file or directory: '../config/config.yaml'
2024-08-05 17:46:19 - INFO - AvaxWhale Transaction Tracker finished
2024-08-05 17:47:45 - INFO - Starting AvaxWhale Transaction Tracker
2024-08-05 17:47:45 - ERROR - An error occurred during initialization: [Errno 2] No such file or directory: '../config/config.yaml'
2024-08-05 17:47:45 - INFO - AvaxWhale Transaction Tracker finished
2024-08-05 17:50:04 - INFO - Starting AvaxWhale Transaction Tracker
2024-08-05 17:50:04 - ERROR - An error occurred during initialization: [Errno 2] No such file or directory: '../../config/config.yaml'
2024-08-05 17:50:04 - INFO - AvaxWhale Transaction Tracker finished
2024-08-05 17:51:41 - INFO - Starting AvaxWhale Transaction Tracker
2024-08-05 17:51:41 - INFO - Connected to Avalanche network
2024-08-05 18:05:51 - INFO - Found 1 large transactions
2024-08-05 18:05:51 - INFO - Large transaction detected: Hash=0x2ab078532c5842003245f3a46932d69de5617452aef67a42f9fe3696a06475d4, Value=2515.04 AVAX, Value in USD=51306.87, From=0xEF74440e36bC3303004BfabCe928C2c3c4b0A381, To=0xA16F524a804BEaED0d791De0aa0b5836295A2a84, Type=unknown
2024-08-05 18:11:55 - INFO - Found 1 large transactions
2024-08-05 18:11:55 - INFO - Large transaction detected: Hash=0x3a895fb2bc60ca95d589448d6b38340af7dce400063b8d7ae38cfa6e90c186e8, Value=500.00 AVAX, Value in USD=10200.00, From=0x827290e45293734E4fb01BB52622b05233Cb34d7, To=0x6e45178FF302011a39c56c1814fEeD667aC4Ce0D, Type=unknown
2024-08-05 18:22:01 - INFO - Found 2 large transactions
2024-08-05 18:22:01 - INFO - Large transaction detected: Hash=0x13b7f2143fc2da39e6c57886d27bdecb5141f7c22c62d0d591b4ef8de27ef2f4, Value=578.81 AVAX, Value in USD=11807.82, From=0xB80D90fcf2Ed0e4FeBE02d2a209109Bf1F62DF95, To=0xB31f66AA3C1e785363F0875A1B74E27b85FD66c7, Type=native: WAVAX
2024-08-05 18:22:01 - INFO - Large transaction detected: Hash=0x46ba9601476a1a0cc6a40d86365ee6d3bb107455a728519e86773e03a2e4e3f3, Value=586.80 AVAX, Value in USD=11970.64, From=0x6D8bE5cdf0d7DEE1f04E25FD70B001AE3B907824, To=0xB80D90fcf2Ed0e4FeBE02d2a209109Bf1F62DF95, Type=unknown
2024-08-05 18:30:06 - INFO - Found 1 large transactions
2024-08-05 18:30:06 - INFO - Large transaction detected: Hash=0x3167262cc43e5c485018120ea10d8aa155c670138f5c62c7af33ced67eb1155e, Value=8499.99 AVAX, Value in USD=173399.89, From=0x6e45178FF302011a39c56c1814fEeD667aC4Ce0D, To=0x9f8c163cBA728e99993ABe7495F06c0A3c8Ac8b9, Type=cexhotwallet: Binance: Hot Wallet
2024-08-05 18:43:15 - INFO - Found 1 large transactions
2024-08-05 18:43:15 - INFO - Large transaction detected: Hash=0x7c1fd03e0c7d3e8217de595686817652cba4e4c2aef90714ae82c7d4dda469f2, Value=7245.00 AVAX, Value in USD=147798.00, From=0x5FB8758411E681070c263ca63267B7C7E541A695, To=0x18556DA13313f3532c54711497A8FedAC273220E, Type=traderjoe: LBRouter
2024-08-05 19:01:27 - INFO - Found 1 large transactions
2024-08-05 19:01:27 - INFO - Large transaction detected: Hash=0xc2afca0e0596adb97730b426f491811c1bc0fcfd1ed75932f87133a854d7eec3, Value=1385.73 AVAX, Value in USD=28268.87, From=0x3BCE63C6C9ABf7A47f52c9A3a7950867700B0158, To=0xa6347745EB31F716FC16fde759A4CbD5696CEA04, Type=unknown
2024-08-05 19:09:32 - INFO - Found 2 large transactions
2024-08-05 19:09:32 - INFO - Large transaction detected: Hash=0x220f34e49af2f2dd310666bf07abfb7701ee14852ea6133f0c49bc66d0c0c5bd, Value=2792.78 AVAX, Value in USD=56972.65, From=0x8af8485e1F178be06386CD3877Fde20626e0284F, To=0x6429FEBFB79092c7b04F9cF42b329E0c2643d033, Type=cexhotwallet: Coinbase: Hot Wallet (sender)
2024-08-05 19:09:32 - INFO - Large transaction detected: Hash=0x0c43f313248031c20b5ae56fcda0974cab47a340d08350740ca90aa2bc0c1dc0, Value=7870.42 AVAX, Value in USD=160556.60, From=0xE1A0DDeb9b5b55E489977b438764e60e314E917c, To=0xfeB77E1Abd4CEF7B3fcAe8de63d24B80C3522eF0, Type=unknown
2024-08-05 19:11:33 - INFO - Found 1 large transactions
2024-08-05 19:11:33 - INFO - Large transaction detected: Hash=0xb1a50663b3e19c039a3bfc8c7a4734c4ca61888145293f477109cfbfadbfcedd, Value=1360.09 AVAX, Value in USD=27745.74, From=0xFF82B021bA0AaD35F52643aec284cC628E3Fd121, To=0x449cE4208c063350015b883Ff029722DEbc71EC7, Type=unknown
2024-08-05 19:14:35 - INFO - Found 1 large transactions
2024-08-05 19:14:35 - INFO - Large transaction detected: Hash=0x5adb81f4fafc14a107ef0e36246b97bdf0c2289a96942892b794bb0b3c391e92, Value=699.95 AVAX, Value in USD=14278.98, From=0x9Da5812111DCBD65fF9b736874a89751A4F0a2F8, To=0xa8575a27a83C770b16087BacDe09cfefC2C36f39, Type=cexhotwallet: Kraken: Hot Wallet (sender)
2024-08-05 19:27:43 - INFO - Found 1 large transactions
2024-08-05 19:27:43 - INFO - Large transaction detected: Hash=0xbb030cd1ec23bddf689821490e0da9ddec86d15d83e85addd351fac5e4ae9970, Value=500.00 AVAX, Value in USD=10200.04, From=0x9f8c163cBA728e99993ABe7495F06c0A3c8Ac8b9, To=0x20202b27FEf6d66f41233A95120333195396a03C, Type=cexhotwallet: Binance: Hot Wallet (sender)
