2024-08-05 14:36:25 - INFO - Starting AvaxWhale Transaction Tracker
2024-08-05 14:36:25 - INFO - [31m[1mWARNING: This is a development server. Do not use it in a production deployment. Use a production WSGI server instead.[0m
 * Running on http://127.0.0.1:5000
2024-08-05 14:36:25 - INFO - [33mPress CTRL+C to quit[0m
2024-08-05 14:36:25 - INFO - Connected to Avalanche network
2024-08-05 14:36:25 - ERROR - An error occurred during initialization: [Errno 2] No such file or directory: 'avalanche_eco/cexhotwallet.txt'
2024-08-05 14:36:25 - INFO - AvaxWhale Transaction Tracker finished
2024-08-05 14:36:40 - ERROR - Error loading index page: index.html
2024-08-05 14:36:40 - INFO - 127.0.0.1 - - [05/Aug/2024 14:36:40] "GET / HTTP/1.1" 200 -
2024-08-05 14:36:40 - INFO - 127.0.0.1 - - [05/Aug/2024 14:36:40] "[33mGET /favicon.ico HTTP/1.1[0m" 404 -
2024-08-05 14:38:56 - INFO - Starting AvaxWhale Transaction Tracker
2024-08-05 14:38:57 - INFO - Connected to Avalanche network
2024-08-05 14:48:03 - INFO - Found 1 large transactions
2024-08-05 14:48:03 - INFO - Large transaction detected: Hash=0x502cd2b37062c68cfc9730f6eba9eefd72aff9fd940c66e619500850f480942d, Value=16045.00 AVAX, Value in USD=317851.44, From=0x1A999f41ADA45Dfd6Bd718875ffC4eCa4133Bfd7, To=0x3DD87411a3754deea8cc52C4CF57E2fC254924Cc, Type=unknown
2024-08-05 14:57:09 - INFO - Found 1 large transactions
2024-08-05 14:57:09 - INFO - Large transaction detected: Hash=0x5dfd6e01cf782c1233d4bde0a4cbc68b45784cedeeb7ac537ee2c9a623d86564, Value=742.36 AVAX, Value in USD=14706.14, From=0x31307EF22C77Cc89CD7e61246608F15b82D09FEd, To=0x18556DA13313f3532c54711497A8FedAC273220E, Type=unknown
2024-08-05 14:58:10 - INFO - Found 1 large transactions
2024-08-05 14:58:10 - INFO - Large transaction detected: Hash=0x6965cbf6b72f9484e737e74307acbf2451d789b0ff482ad31a229d1e436926ed, Value=742.33 AVAX, Value in USD=14705.50, From=0x31307EF22C77Cc89CD7e61246608F15b82D09FEd, To=0x18556DA13313f3532c54711497A8FedAC273220E, Type=unknown
2024-08-05 15:00:11 - INFO - Found 1 large transactions
2024-08-05 15:00:11 - INFO - Large transaction detected: Hash=0xc0f08257e45236c1ecbb09f6c6b0b8711e8b782becdd51f5555775d143285a53, Value=27519.88 AVAX, Value in USD=545168.79, From=0x6e45178FF302011a39c56c1814fEeD667aC4Ce0D, To=0x9f8c163cBA728e99993ABe7495F06c0A3c8Ac8b9, Type=unknown
2024-08-05 15:08:06 - INFO - Starting AvaxWhale Transaction Tracker
2024-08-05 15:08:06 - INFO - Connected to Avalanche network
2024-08-05 15:16:11 - INFO - Found 1 large transactions
2024-08-05 15:16:11 - INFO - Large transaction detected: Hash=0xd1ab34072cb226c2650a2548233ff7977a8d8d42efd7fc647ed39069aecf040c, Value=990.17 AVAX, Value in USD=19456.76, From=0xABa2D404C5C41da5964453A368aFF2604Ae80A14, To=0x9c82B2720E57A7535523421d80966326436dE8B5, Type=unknown
2024-08-05 15:30:21 - INFO - Found 3 large transactions
2024-08-05 15:30:21 - INFO - Large transaction detected: Hash=0x6b33168f0a1f8d90795998f26ed208cb6b0eb248988f054e49d8bae5bd25c983, Value=1200.00 AVAX, Value in USD=23580.00, From=0x8D1541D5444eDe122176Aecb8A2f66B887AbEC9c, To=0x8F66c4AE756BEbC49Ec8B81966DD8bba9f127549, Type=unknown
2024-08-05 15:30:21 - INFO - Large transaction detected: Hash=0xa9f04e49191daccbfabb80e7d504a75ed13720a10404ba45beb43107fc4353f6, Value=6998.35 AVAX, Value in USD=137517.60, From=0x6e45178FF302011a39c56c1814fEeD667aC4Ce0D, To=0x9f8c163cBA728e99993ABe7495F06c0A3c8Ac8b9, Type=cexhotwallet: Binance: Hot Wallet
2024-08-05 15:30:21 - INFO - Large transaction detected: Hash=0x75ec1a2f3f7e3961a3e050b5146d12b736a2fcac62fbb7a787ba76f4f64ba762, Value=1021.22 AVAX, Value in USD=20066.92, From=0x125f660239707C9De3462D3fa633F2723aD0b884, To=0x9f8c163cBA728e99993ABe7495F06c0A3c8Ac8b9, Type=cexhotwallet: Binance: Hot Wallet
2024-08-05 15:36:25 - INFO - Found 1 large transactions
2024-08-05 15:36:25 - INFO - Large transaction detected: Hash=0x74db2419f7cd5ff235fd8e41083b75c145fe781602bd62df6e23815f12cea335, Value=1000.26 AVAX, Value in USD=19655.10, From=0x67B5E3420352BcF7db3F5dd050AFa0A2c6bEB3Eb, To=0xDed5361C318333F07d31a165D07dd76041c6262a, Type=unknown
2024-08-05 15:43:29 - INFO - Found 1 large transactions
2024-08-05 15:43:29 - INFO - Large transaction detected: Hash=0xc778ac849eb6ac9c093477b9776be8f2348a3b5d50e88d30f98334e9df3c0950, Value=1927.75 AVAX, Value in USD=37880.27, From=0x9c82B2720E57A7535523421d80966326436dE8B5, To=0x7eD53F6E3dE6B2b4156FA8E618506E60D8E65843, Type=unknown
